\BOOKMARK [0][]{chapter*.5}{INTRODUCTION}{}% 1
\BOOKMARK [0][]{chapter.7}{Chapter 1 Problem definition.}{}% 2
\BOOKMARK [1][]{section.8}{Student antipathy works in the group}{chapter.7}% 3
\BOOKMARK [1][]{section.9}{The selection of the groups is not good}{chapter.7}% 4
\BOOKMARK [1][]{section.10}{The students don't have enough group-work skills}{chapter.7}% 5
\BOOKMARK [1][]{section.11}{Some students want to work alone or become the free-riders}{chapter.7}% 6
\BOOKMARK [1][]{section.12}{The possible inequalities of student abilities appear in the group}{chapter.7}% 7
\BOOKMARK [1][]{section.13}{Some members do not commit to working in the group with their responsibilities}{chapter.7}% 8
\BOOKMARK [1][]{section.14}{The assessment of individuals within the groups is not fair}{chapter.7}% 9
\BOOKMARK [0][]{chapter.15}{Chapter 2 Challenges and objectives}{}% 10
\BOOKMARK [1][]{section.16}{Challenges}{chapter.15}% 11
\BOOKMARK [1][]{section.19}{Objectives}{chapter.15}% 12
\BOOKMARK [2][-]{subsection.21}{Generate the hints to help users solve the topic or problem automatically}{section.19}% 13
\BOOKMARK [2][-]{subsection.22}{Identify the debated problem}{section.19}% 14
\BOOKMARK [2][-]{subsection.23}{Intervene in the conversation to clarify the problem}{section.19}% 15
\BOOKMARK [0][]{chapter.24}{Chapter 3 Research methodology}{}% 16
\BOOKMARK [1][]{section.26}{Methodology for Sub-objective 1}{chapter.24}% 17
\BOOKMARK [1][]{section.38}{Methodology for Sub-objective 2}{chapter.24}% 18
\BOOKMARK [1][]{section.41}{Methodology for Sub-objective 3}{chapter.24}% 19
\BOOKMARK [0][]{section*.48}{Appendices}{}% 20
\BOOKMARK [0][]{Appendix.49}{Appendix A Implementation and Results}{}% 21
\BOOKMARK [0][]{Appendix.52}{Appendix B Plan of researching}{}% 22
\BOOKMARK [0][]{Appendix.54}{Appendix C Evaluation Question Bank}{}% 23
