\BOOKMARK [0][]{chapter*.8}{INTRODUCTION}{}% 1
\BOOKMARK [0][]{chapter.10}{Chapter 1 Long chapter tite, with linebreak. Lorem ipsum dolor sit amet, consectetur adipiscing elit. Pellentesque justo justo, porta sagittis feugiat eget, ornare rhoncus ligula. Nunc non odio sed lacus rutrum rhoncus.}{}% 2
\BOOKMARK [1][]{section.11}{Layout tests}{chapter.10}% 3
\BOOKMARK [2][-]{subsection.12}{Listing tests}{section.11}% 4
\BOOKMARK [3][-]{subsubsection.13}{Enumerations: enum environment}{subsection.12}% 5
\BOOKMARK [3][-]{subsubsection.16}{Lists: itemize environment}{subsection.12}% 6
\BOOKMARK [2][-]{subsection.17}{Equations tests}{section.11}% 7
\BOOKMARK [1][]{section.20}{Second section}{chapter.10}% 8
\BOOKMARK [0][]{chapter.21}{Chapter 2 Second Chapter}{}% 9
\BOOKMARK [1][]{section.22}{Table layout tests}{chapter.21}% 10
\BOOKMARK [1][]{section.24}{References test}{chapter.21}% 11
\BOOKMARK [2][-]{subsection.25}{References to the bibliography}{section.24}% 12
\BOOKMARK [2][-]{subsection.26}{References to the list of references "refs"}{section.24}% 13
\BOOKMARK [2][-]{subsection.27}{References to a label of the document}{section.24}% 14
\BOOKMARK [2][-]{subsection.28}{URL references}{section.24}% 15
\BOOKMARK [3][-]{subsubsection.29}{Test of "href"}{subsection.28}% 16
\BOOKMARK [3][-]{subsubsection.30}{Test de url}{subsection.28}% 17
\BOOKMARK [0][]{chapter.31}{Chapter 3 Example of a thesis by article, with integrated article}{}% 18
\BOOKMARK [1][]{section.32}{Section 1}{chapter.31}% 19
\BOOKMARK [0][]{chapter*.33}{CONCLUSION AND RECOMMENDATIONS}{}% 20
\BOOKMARK [0][]{chapter.34}{Appendix I Appendix example}{}% 21
\BOOKMARK [0][]{tableap.caption.44}{BIBLIOGRAPHY}{}% 22
