\BOOKMARK [0][]{chapter*.9}{INTRODUCTION}{}% 1
\BOOKMARK [0][]{chapter.13}{Chapter 1 Problem Definition.}{}% 2
\BOOKMARK [1][]{section.14}{Detect APD early}{chapter.13}% 3
\BOOKMARK [1][]{section.15}{Solve APD daily}{chapter.13}% 4
\BOOKMARK [0][]{chapter.16}{Chapter 2 Challenges and Object}{}% 5
\BOOKMARK [1][]{section.17}{Challenges}{chapter.16}% 6
\BOOKMARK [1][]{section.18}{Objectives}{chapter.16}% 7
\BOOKMARK [0][]{chapter.19}{Chapter 3 Proposed Solutions}{}% 8
\BOOKMARK [1][]{section.20}{Table layout tests}{chapter.19}% 9
\BOOKMARK [1][]{section.22}{References test}{chapter.19}% 10
\BOOKMARK [2][-]{subsection.23}{References to the bibliography}{section.22}% 11
\BOOKMARK [2][-]{subsection.24}{References to the list of references "refs"}{section.22}% 12
\BOOKMARK [2][-]{subsection.25}{References to a label of the document}{section.22}% 13
\BOOKMARK [2][-]{subsection.26}{URL references}{section.22}% 14
\BOOKMARK [3][-]{subsubsection.27}{Test of "href"}{subsection.26}% 15
\BOOKMARK [3][-]{subsubsection.28}{Test de url}{subsection.26}% 16
\BOOKMARK [0][]{chapter.29}{Chapter 4 Example of a thesis by article, with integrated article}{}% 17
\BOOKMARK [1][]{section.30}{Section 1}{chapter.29}% 18
\BOOKMARK [0][]{chapter*.31}{CONCLUSION AND RECOMMENDATIONS}{}% 19
\BOOKMARK [0][]{chapter.32}{Appendix I Appendix example}{}% 20
\BOOKMARK [0][]{tableap.caption.42}{BIBLIOGRAPHY}{}% 21
